<?xml version="1.0" encoding="UTF-8" standalone="no"?>
<!DOCTYPE log SYSTEM "logger.dtd">
<log>
<record>
  <date>2014-11-21T15:41:37</date>
  <millis>1416544897539</millis>
  <sequence>0</sequence>
  <logger>wallaceled.Ambient</logger>
  <level>SEVERE</level>
  <class>wallaceled.Ambient$Looper</class>
  <method>run</method>
  <thread>18</thread>
  <exception>
    <message>java.lang.InterruptedException: sleep interrupted</message>
    <frame>
      <class>java.lang.Thread</class>
      <method>sleep</method>
    </frame>
    <frame>
      <class>wallaceled.Ambient$Looper</class>
      <method>run</method>
      <line>154</line>
    </frame>
  </exception>
</record>
<record>
  <date>2014-11-21T15:41:37</date>
  <millis>1416544897539</millis>
  <sequence>1</sequence>
  <logger>wallaceled.Sequencer</logger>
  <level>SEVERE</level>
  <class>wallaceled.Ambient$Fader</class>
  <method>run</method>
  <thread>19</thread>
  <exception>
    <message>java.lang.InterruptedException: sleep interrupted</message>
    <frame>
      <class>java.lang.Thread</class>
      <method>sleep</method>
    </frame>
    <frame>
      <class>wallaceled.Ambient$Fader</class>
      <method>run</method>
      <line>191</line>
    </frame>
  </exception>
</record>
<record>
  <date>2014-11-21T15:42:18</date>
  <millis>1416544938540</millis>
  <sequence>2</sequence>
  <logger>wallaceled.LEDController</logger>
  <level>SEVERE</level>
  <class>wallaceled.Ambient$Fader</class>
  <method>run</method>
  <thread>21</thread>
  <exception>
    <message>java.lang.InterruptedException: sleep interrupted</message>
    <frame>
      <class>java.lang.Thread</class>
      <method>sleep</method>
    </frame>
    <frame>
      <class>wallaceled.Ambient$Fader</class>
      <method>run</method>
      <line>203</line>
    </frame>
  </exception>
</record>
<record>
  <date>2014-11-21T15:42:18</date>
  <millis>1416544938540</millis>
  <sequence>3</sequence>
  <logger>wallaceled.Ambient</logger>
  <level>SEVERE</level>
  <class>wallaceled.Ambient$Looper</class>
  <method>run</method>
  <thread>20</thread>
  <exception>
    <message>java.lang.InterruptedException: sleep interrupted</message>
    <frame>
      <class>java.lang.Thread</class>
      <method>sleep</method>
    </frame>
    <frame>
      <class>wallaceled.Ambient$Looper</class>
      <method>run</method>
      <line>154</line>
    </frame>
  </exception>
</record>
<record>
  <date>2014-11-21T15:42:22</date>
  <millis>1416544942598</millis>
  <sequence>4</sequence>
  <logger>wallaceled.LEDController</logger>
  <level>SEVERE</level>
  <class>wallaceled.Sequencer$fadeT</class>
  <method>run</method>
  <thread>22</thread>
  <exception>
    <message>java.lang.InterruptedException: sleep interrupted</message>
    <frame>
      <class>java.lang.Thread</class>
      <method>sleep</method>
    </frame>
    <frame>
      <class>wallaceled.Sequencer$fadeT</class>
      <method>run</method>
      <line>218</line>
    </frame>
  </exception>
</record>
<record>
  <date>2014-11-21T15:42:24</date>
  <millis>1416544944765</millis>
  <sequence>5</sequence>
  <logger>wallaceled.LEDController</logger>
  <level>SEVERE</level>
  <class>wallaceled.Sequencer$fadeT</class>
  <method>run</method>
  <thread>23</thread>
  <exception>
    <message>java.lang.InterruptedException: sleep interrupted</message>
    <frame>
      <class>java.lang.Thread</class>
      <method>sleep</method>
    </frame>
    <frame>
      <class>wallaceled.Sequencer$fadeT</class>
      <method>run</method>
      <line>218</line>
    </frame>
  </exception>
</record>
</log>
